<?xml version="1.0" encoding="UTF-8" ?>
<testsuite errors="0" failures="0" hostname="T-BAN-602524" name="com.test.Test" skipped="0" tests="1" time="0.081" timestamp="2017-07-24T10:39:07">
  <properties>
    <property name="ant.project.invoked-targets" value="runjunit" />
    <property name="java.runtime.name" value="Java(TM) SE Runtime Environment" />
    <property name="sun.boot.library.path" value="C:\Program Files\Java\jdk1.8.0_101\jre\bin" />
    <property name="java.vm.version" value="25.101-b13" />
    <property name="ant.library.dir" value="D:\sofwares\apache-ant-1.9.9\lib" />
    <property name="ant.version" value="Apache Ant(TM) version 1.10.1 compiled on February 2 2017" />
    <property name="ant.java.version" value="1.8" />
    <property name="java.vm.vendor" value="Oracle Corporation" />
    <property name="java.vendor.url" value="http://java.oracle.com/" />
    <property name="path.separator" value=";" />
    <property name="java.vm.name" value="Java HotSpot(TM) 64-Bit Server VM" />
    <property name="file.encoding.pkg" value="sun.io" />
    <property name="user.script" value="" />
    <property name="user.country" value="US" />
    <property name="sun.java.launcher" value="SUN_STANDARD" />
    <property name="sun.os.patch.level" value="" />
    <property name="java.vm.specification.name" value="Java Virtual Machine Specification" />
    <property name="user.dir" value="C:\JUNIT\Test3" />
    <property name="java.runtime.version" value="1.8.0_101-b13" />
    <property name="ant.file.type.FirstProject" value="file" />
    <property name="java.awt.graphicsenv" value="sun.awt.Win32GraphicsEnvironment" />
    <property name="eclipse.pdebuild.scripts" value="/C:/eclipse/plugins/org.eclipse.pde.build_3.8.100.v20130514-1028/scripts/" />
    <property name="basedir" value="C:\JUNIT\Test3" />
    <property name="java.endorsed.dirs" value="C:\Program Files\Java\jdk1.8.0_101\jre\lib\endorsed" />
    <property name="os.arch" value="amd64" />
    <property name="ant.project.default-target" value="runjunit" />
    <property name="java.io.tmpdir" value="C:\Users\MOHINI~1.SUR\AppData\Local\Temp\" />
    <property name="ant.core.lib" value="D:\sofwares\apache-ant-1.9.9\lib\ant.jar" />
    <property name="line.separator" value="&#xd;&#xa;" />
    <property name="java.vm.specification.vendor" value="Oracle Corporation" />
    <property name="user.variant" value="" />
    <property name="os.name" value="Windows 10" />
    <property name="ant.home" value="D:\sofwares\apache-ant-1.9.9" />
    <property name="eclipse.pdebuild.templates" value="/C:/eclipse/plugins/org.eclipse.pde.build_3.8.100.v20130514-1028/templates/" />
    <property name="ant.project.name" value="FirstProject" />
    <property name="sun.jnu.encoding" value="Cp1252" />
    <property name="java.library.path" value="C:\eclipse;C:\WINDOWS\Sun\Java\bin;C:\WINDOWS\system32;C:\WINDOWS;C:/Program Files/Java/jre1.8.0_101/bin/server;C:/Program Files/Java/jre1.8.0_101/bin;C:/Program Files/Java/jre1.8.0_101/lib/amd64;C:\ProgramData\Oracle\Java\javapath;C:\WINDOWS\system32;C:\WINDOWS;C:\WINDOWS\System32\Wbem;C:\WINDOWS\System32\WindowsPowerShell\v1.0\;C:\Program Files (x86)\Skype\Phone\;C:\Program Files\Java\jdk1.8.0_101\bin;C:\Program Files\Java\jre1.8.0_101\bin;D:\apache-tomcat-7.0.14\bin;D:\sofwares\apache-ant-1.9.9\bin;C:\Program Files\Java;C:\Users\mohini.suryawanshi\AppData\Local\Microsoft\WindowsApps;;C:\eclipse;;.;C:\eclipse\configuration\org.eclipse.osgi\bundles\1329\1\.cp" />
    <property name="eclipse.pdebuild.home" value="/C:/eclipse/plugins/org.eclipse.pde.build_3.8.100.v20130514-1028/./" />
    <property name="java.class.version" value="52.0" />
    <property name="java.specification.name" value="Java Platform API Specification" />
    <property name="sun.management.compiler" value="HotSpot 64-Bit Tiered Compilers" />
    <property name="os.version" value="10.0" />
    <property name="ant.file" value="C:\JUNIT\Test3\Build.xml" />
    <property name="user.home" value="C:\Users\mohini.suryawanshi" />
    <property name="user.timezone" value="" />
    <property name="java.awt.printerjob" value="sun.awt.windows.WPrinterJob" />
    <property name="java.specification.version" value="1.8" />
    <property name="file.encoding" value="Cp1252" />
    <property name="user.name" value="mohini.suryawanshi" />
    <property name="java.class.path" value="D:\sofwares\apache-ant-1.9.9\lib\ant-antlr.jar;D:\sofwares\apache-ant-1.9.9\lib\ant-apache-bcel.jar;D:\sofwares\apache-ant-1.9.9\lib\ant-apache-bsf.jar;D:\sofwares\apache-ant-1.9.9\lib\ant-apache-log4j.jar;D:\sofwares\apache-ant-1.9.9\lib\ant-apache-oro.jar;D:\sofwares\apache-ant-1.9.9\lib\ant-apache-regexp.jar;D:\sofwares\apache-ant-1.9.9\lib\ant-apache-resolver.jar;D:\sofwares\apache-ant-1.9.9\lib\ant-apache-xalan2.jar;D:\sofwares\apache-ant-1.9.9\lib\ant-commons-logging.jar;D:\sofwares\apache-ant-1.9.9\lib\ant-commons-net.jar;D:\sofwares\apache-ant-1.9.9\lib\ant-jai.jar;D:\sofwares\apache-ant-1.9.9\lib\ant-javamail.jar;D:\sofwares\apache-ant-1.9.9\lib\ant-jdepend.jar;D:\sofwares\apache-ant-1.9.9\lib\ant-jmf.jar;D:\sofwares\apache-ant-1.9.9\lib\ant-jsch.jar;D:\sofwares\apache-ant-1.9.9\lib\ant-junit.jar;D:\sofwares\apache-ant-1.9.9\lib\ant-junit4.jar;D:\sofwares\apache-ant-1.9.9\lib\ant-launcher.jar;D:\sofwares\apache-ant-1.9.9\lib\ant-netrexx.jar;D:\sofwares\apache-ant-1.9.9\lib\ant-swing.jar;D:\sofwares\apache-ant-1.9.9\lib\ant-testutil.jar;D:\sofwares\apache-ant-1.9.9\lib\ant-xz.jar;D:\sofwares\apache-ant-1.9.9\lib\ant.jar;C:\eclipse\configuration\org.eclipse.osgi\bundles\890\1\.cp\lib\antdebug.jar;C:\eclipse\configuration\org.eclipse.osgi\bundles\890\1\.cp\lib\remote.jar;C:\eclipse\configuration\org.eclipse.osgi\bundles\891\1\.cp\lib\remoteAnt.jar;C:\Program Files\Java\jdk1.8.0_101\lib\tools.jar;C:\eclipse\plugins\org.eclipse.swt.win32.win32.x86_64_3.102.1.v20140206-1358.jar" />
    <property name="java.vm.specification.version" value="1.8" />
    <property name="sun.java.command" value="org.eclipse.ant.internal.launching.remote.InternalAntRunner -Dorg.eclipse.ant.core.ANT_PROCESS_ID=1500892745733 -Declipse.connect.port=52087 -Declipse.pdebuild.home=/C:/eclipse/plugins/org.eclipse.pde.build_3.8.100.v20130514-1028/./ -Declipse.pdebuild.scripts=/C:/eclipse/plugins/org.eclipse.pde.build_3.8.100.v20130514-1028/scripts/ -Declipse.pdebuild.templates=/C:/eclipse/plugins/org.eclipse.pde.build_3.8.100.v20130514-1028/templates/ -Dant.home=D:\sofwares\apache-ant-1.9.9 -logger org.eclipse.ant.internal.launching.remote.logger.RemoteAntBuildLogger -inputhandler org.eclipse.ant.internal.ui.antsupport.inputhandler.ProxyInputHandler -buildfile C:\JUNIT\Test3\Build.xml" />
    <property name="sun.arch.data.model" value="64" />
    <property name="java.home" value="C:\Program Files\Java\jdk1.8.0_101\jre" />
    <property name="java.specification.vendor" value="Oracle Corporation" />
    <property name="user.language" value="en" />
    <property name="awt.toolkit" value="sun.awt.windows.WToolkit" />
    <property name="java.vm.info" value="mixed mode" />
    <property name="ant.file.FirstProject" value="C:\JUNIT\Test3\Build.xml" />
    <property name="java.version" value="1.8.0_101" />
    <property name="java.ext.dirs" value="C:\Program Files\Java\jdk1.8.0_101\jre\lib\ext;C:\WINDOWS\Sun\Java\lib\ext" />
    <property name="sun.boot.class.path" value="C:\Program Files\Java\jdk1.8.0_101\jre\lib\resources.jar;C:\Program Files\Java\jdk1.8.0_101\jre\lib\rt.jar;C:\Program Files\Java\jdk1.8.0_101\jre\lib\sunrsasign.jar;C:\Program Files\Java\jdk1.8.0_101\jre\lib\jsse.jar;C:\Program Files\Java\jdk1.8.0_101\jre\lib\jce.jar;C:\Program Files\Java\jdk1.8.0_101\jre\lib\charsets.jar;C:\Program Files\Java\jdk1.8.0_101\jre\lib\jfr.jar;C:\Program Files\Java\jdk1.8.0_101\jre\classes" />
    <property name="java.vendor" value="Oracle Corporation" />
    <property name="file.separator" value="\" />
    <property name="java.vendor.url.bug" value="http://bugreport.sun.com/bugreport/" />
    <property name="sun.cpu.endian" value="little" />
    <property name="sun.io.unicode.encoding" value="UnicodeLittle" />
    <property name="sun.desktop" value="windows" />
    <property name="sun.cpu.isalist" value="amd64" />
  </properties>
  <testcase classname="com.test.Test" name="testGetEmployeeName" time="0.016" />
  <system-out><![CDATA[]]></system-out>
  <system-err><![CDATA[]]></system-err>
</testsuite>
